<?xml version="1.0" encoding="UTF-8"?>
<testsuite xmlns:xsi="http://www.w3.org/2001/XMLSchema-instance" xsi:noNamespaceSchemaLocation="https://maven.apache.org/surefire/maven-surefire-plugin/xsd/surefire-test-report.xsd" name="com.Demo.app.AppTest" time="0.023" tests="1" errors="0" skipped="0" failures="0">
  <properties>
    <property name="awt.toolkit" value="sun.awt.X11.XToolkit"/>
    <property name="java.specification.version" value="11"/>
    <property name="sun.cpu.isalist" value=""/>
    <property name="sun.jnu.encoding" value="UTF-8"/>
    <property name="java.class.path" value="/home/firas/Firas/demoProject/first-app/target/test-classes:/home/firas/Firas/demoProject/first-app/target/classes:/home/firas/.m2/repository/junit/junit/4.11/junit-4.11.jar:/home/firas/.m2/repository/org/hamcrest/hamcrest-core/1.3/hamcrest-core-1.3.jar:/home/firas/.m2/repository/software/amazon/awssdk/sqs/2.18.6/sqs-2.18.6.jar:/home/firas/.m2/repository/software/amazon/awssdk/aws-query-protocol/2.18.6/aws-query-protocol-2.18.6.jar:/home/firas/.m2/repository/software/amazon/awssdk/protocol-core/2.18.6/protocol-core-2.18.6.jar:/home/firas/.m2/repository/software/amazon/awssdk/sdk-core/2.18.6/sdk-core-2.18.6.jar:/home/firas/.m2/repository/software/amazon/awssdk/endpoints-spi/2.18.6/endpoints-spi-2.18.6.jar:/home/firas/.m2/repository/software/amazon/awssdk/profiles/2.18.6/profiles-2.18.6.jar:/home/firas/.m2/repository/org/slf4j/slf4j-api/1.7.30/slf4j-api-1.7.30.jar:/home/firas/.m2/repository/org/reactivestreams/reactive-streams/1.0.3/reactive-streams-1.0.3.jar:/home/firas/.m2/repository/software/amazon/awssdk/auth/2.18.6/auth-2.18.6.jar:/home/firas/.m2/repository/software/amazon/awssdk/json-utils/2.18.6/json-utils-2.18.6.jar:/home/firas/.m2/repository/software/amazon/awssdk/third-party-jackson-core/2.18.6/third-party-jackson-core-2.18.6.jar:/home/firas/.m2/repository/software/amazon/eventstream/eventstream/1.0.1/eventstream-1.0.1.jar:/home/firas/.m2/repository/software/amazon/awssdk/http-client-spi/2.18.6/http-client-spi-2.18.6.jar:/home/firas/.m2/repository/software/amazon/awssdk/regions/2.18.6/regions-2.18.6.jar:/home/firas/.m2/repository/software/amazon/awssdk/annotations/2.18.6/annotations-2.18.6.jar:/home/firas/.m2/repository/software/amazon/awssdk/utils/2.18.6/utils-2.18.6.jar:/home/firas/.m2/repository/software/amazon/awssdk/aws-core/2.18.6/aws-core-2.18.6.jar:/home/firas/.m2/repository/software/amazon/awssdk/metrics-spi/2.18.6/metrics-spi-2.18.6.jar:/home/firas/.m2/repository/software/amazon/awssdk/apache-client/2.18.6/apache-client-2.18.6.jar:/home/firas/.m2/repository/org/apache/httpcomponents/httpclient/4.5.13/httpclient-4.5.13.jar:/home/firas/.m2/repository/commons-logging/commons-logging/1.2/commons-logging-1.2.jar:/home/firas/.m2/repository/commons-codec/commons-codec/1.11/commons-codec-1.11.jar:/home/firas/.m2/repository/org/apache/httpcomponents/httpcore/4.4.13/httpcore-4.4.13.jar:/home/firas/.m2/repository/software/amazon/awssdk/netty-nio-client/2.18.6/netty-nio-client-2.18.6.jar:/home/firas/.m2/repository/io/netty/netty-codec-http/4.1.77.Final/netty-codec-http-4.1.77.Final.jar:/home/firas/.m2/repository/io/netty/netty-codec-http2/4.1.77.Final/netty-codec-http2-4.1.77.Final.jar:/home/firas/.m2/repository/io/netty/netty-codec/4.1.77.Final/netty-codec-4.1.77.Final.jar:/home/firas/.m2/repository/io/netty/netty-transport/4.1.77.Final/netty-transport-4.1.77.Final.jar:/home/firas/.m2/repository/io/netty/netty-resolver/4.1.77.Final/netty-resolver-4.1.77.Final.jar:/home/firas/.m2/repository/io/netty/netty-common/4.1.77.Final/netty-common-4.1.77.Final.jar:/home/firas/.m2/repository/io/netty/netty-buffer/4.1.77.Final/netty-buffer-4.1.77.Final.jar:/home/firas/.m2/repository/io/netty/netty-handler/4.1.77.Final/netty-handler-4.1.77.Final.jar:/home/firas/.m2/repository/io/netty/netty-transport-classes-epoll/4.1.77.Final/netty-transport-classes-epoll-4.1.77.Final.jar:/home/firas/.m2/repository/io/netty/netty-transport-native-unix-common/4.1.77.Final/netty-transport-native-unix-common-4.1.77.Final.jar:"/>
    <property name="java.vm.vendor" value="Ubuntu"/>
    <property name="sun.arch.data.model" value="64"/>
    <property name="java.vendor.url" value="https://ubuntu.com/"/>
    <property name="user.timezone" value=""/>
    <property name="java.vm.specification.version" value="11"/>
    <property name="os.name" value="Linux"/>
    <property name="sun.java.launcher" value="SUN_STANDARD"/>
    <property name="sun.boot.library.path" value="/usr/lib/jvm/java-11-openjdk-amd64/lib"/>
    <property name="sun.java.command" value="/home/firas/Firas/demoProject/first-app/target/surefire/surefirebooter4783867986314660580.jar /home/firas/Firas/demoProject/first-app/target/surefire 2022-10-30T12-28-14_965-jvmRun1 surefire14845889085608658397tmp surefire_08866681495144925167tmp"/>
    <property name="jdk.debug" value="release"/>
    <property name="surefire.test.class.path" value="/home/firas/Firas/demoProject/first-app/target/test-classes:/home/firas/Firas/demoProject/first-app/target/classes:/home/firas/.m2/repository/junit/junit/4.11/junit-4.11.jar:/home/firas/.m2/repository/org/hamcrest/hamcrest-core/1.3/hamcrest-core-1.3.jar:/home/firas/.m2/repository/software/amazon/awssdk/sqs/2.18.6/sqs-2.18.6.jar:/home/firas/.m2/repository/software/amazon/awssdk/aws-query-protocol/2.18.6/aws-query-protocol-2.18.6.jar:/home/firas/.m2/repository/software/amazon/awssdk/protocol-core/2.18.6/protocol-core-2.18.6.jar:/home/firas/.m2/repository/software/amazon/awssdk/sdk-core/2.18.6/sdk-core-2.18.6.jar:/home/firas/.m2/repository/software/amazon/awssdk/endpoints-spi/2.18.6/endpoints-spi-2.18.6.jar:/home/firas/.m2/repository/software/amazon/awssdk/profiles/2.18.6/profiles-2.18.6.jar:/home/firas/.m2/repository/org/slf4j/slf4j-api/1.7.30/slf4j-api-1.7.30.jar:/home/firas/.m2/repository/org/reactivestreams/reactive-streams/1.0.3/reactive-streams-1.0.3.jar:/home/firas/.m2/repository/software/amazon/awssdk/auth/2.18.6/auth-2.18.6.jar:/home/firas/.m2/repository/software/amazon/awssdk/json-utils/2.18.6/json-utils-2.18.6.jar:/home/firas/.m2/repository/software/amazon/awssdk/third-party-jackson-core/2.18.6/third-party-jackson-core-2.18.6.jar:/home/firas/.m2/repository/software/amazon/eventstream/eventstream/1.0.1/eventstream-1.0.1.jar:/home/firas/.m2/repository/software/amazon/awssdk/http-client-spi/2.18.6/http-client-spi-2.18.6.jar:/home/firas/.m2/repository/software/amazon/awssdk/regions/2.18.6/regions-2.18.6.jar:/home/firas/.m2/repository/software/amazon/awssdk/annotations/2.18.6/annotations-2.18.6.jar:/home/firas/.m2/repository/software/amazon/awssdk/utils/2.18.6/utils-2.18.6.jar:/home/firas/.m2/repository/software/amazon/awssdk/aws-core/2.18.6/aws-core-2.18.6.jar:/home/firas/.m2/repository/software/amazon/awssdk/metrics-spi/2.18.6/metrics-spi-2.18.6.jar:/home/firas/.m2/repository/software/amazon/awssdk/apache-client/2.18.6/apache-client-2.18.6.jar:/home/firas/.m2/repository/org/apache/httpcomponents/httpclient/4.5.13/httpclient-4.5.13.jar:/home/firas/.m2/repository/commons-logging/commons-logging/1.2/commons-logging-1.2.jar:/home/firas/.m2/repository/commons-codec/commons-codec/1.11/commons-codec-1.11.jar:/home/firas/.m2/repository/org/apache/httpcomponents/httpcore/4.4.13/httpcore-4.4.13.jar:/home/firas/.m2/repository/software/amazon/awssdk/netty-nio-client/2.18.6/netty-nio-client-2.18.6.jar:/home/firas/.m2/repository/io/netty/netty-codec-http/4.1.77.Final/netty-codec-http-4.1.77.Final.jar:/home/firas/.m2/repository/io/netty/netty-codec-http2/4.1.77.Final/netty-codec-http2-4.1.77.Final.jar:/home/firas/.m2/repository/io/netty/netty-codec/4.1.77.Final/netty-codec-4.1.77.Final.jar:/home/firas/.m2/repository/io/netty/netty-transport/4.1.77.Final/netty-transport-4.1.77.Final.jar:/home/firas/.m2/repository/io/netty/netty-resolver/4.1.77.Final/netty-resolver-4.1.77.Final.jar:/home/firas/.m2/repository/io/netty/netty-common/4.1.77.Final/netty-common-4.1.77.Final.jar:/home/firas/.m2/repository/io/netty/netty-buffer/4.1.77.Final/netty-buffer-4.1.77.Final.jar:/home/firas/.m2/repository/io/netty/netty-handler/4.1.77.Final/netty-handler-4.1.77.Final.jar:/home/firas/.m2/repository/io/netty/netty-transport-classes-epoll/4.1.77.Final/netty-transport-classes-epoll-4.1.77.Final.jar:/home/firas/.m2/repository/io/netty/netty-transport-native-unix-common/4.1.77.Final/netty-transport-native-unix-common-4.1.77.Final.jar:"/>
    <property name="sun.cpu.endian" value="little"/>
    <property name="user.home" value="/home/firas"/>
    <property name="user.language" value="en"/>
    <property name="java.specification.vendor" value="Oracle Corporation"/>
    <property name="java.version.date" value="2022-07-19"/>
    <property name="java.home" value="/usr/lib/jvm/java-11-openjdk-amd64"/>
    <property name="file.separator" value="/"/>
    <property name="basedir" value="/home/firas/Firas/demoProject/first-app"/>
    <property name="java.vm.compressedOopsMode" value="32-bit"/>
    <property name="line.separator" value="&#10;"/>
    <property name="java.specification.name" value="Java Platform API Specification"/>
    <property name="java.vm.specification.vendor" value="Oracle Corporation"/>
    <property name="java.awt.graphicsenv" value="sun.awt.X11GraphicsEnvironment"/>
    <property name="surefire.real.class.path" value="/home/firas/Firas/demoProject/first-app/target/surefire/surefirebooter4783867986314660580.jar"/>
    <property name="sun.management.compiler" value="HotSpot 64-Bit Tiered Compilers"/>
    <property name="java.runtime.version" value="11.0.16+8-post-Ubuntu-0ubuntu120.04"/>
    <property name="user.name" value="firas"/>
    <property name="path.separator" value=":"/>
    <property name="os.version" value="5.10.16.3-microsoft-standard-WSL2"/>
    <property name="java.runtime.name" value="OpenJDK Runtime Environment"/>
    <property name="file.encoding" value="UTF-8"/>
    <property name="java.vm.name" value="OpenJDK 64-Bit Server VM"/>
    <property name="localRepository" value="/home/firas/.m2/repository"/>
    <property name="java.vendor.url.bug" value="https://bugs.launchpad.net/ubuntu/+source/openjdk-lts"/>
    <property name="java.io.tmpdir" value="/tmp"/>
    <property name="java.version" value="11.0.16"/>
    <property name="user.dir" value="/home/firas/Firas/demoProject/first-app"/>
    <property name="os.arch" value="amd64"/>
    <property name="java.vm.specification.name" value="Java Virtual Machine Specification"/>
    <property name="java.awt.printerjob" value="sun.print.PSPrinterJob"/>
    <property name="sun.os.patch.level" value="unknown"/>
    <property name="java.library.path" value="/usr/java/packages/lib:/usr/lib/x86_64-linux-gnu/jni:/lib/x86_64-linux-gnu:/usr/lib/x86_64-linux-gnu:/usr/lib/jni:/lib:/usr/lib"/>
    <property name="java.vm.info" value="mixed mode, sharing"/>
    <property name="java.vendor" value="Ubuntu"/>
    <property name="java.vm.version" value="11.0.16+8-post-Ubuntu-0ubuntu120.04"/>
    <property name="sun.io.unicode.encoding" value="UnicodeLittle"/>
    <property name="java.class.version" value="55.0"/>
  </properties>
  <testcase name="shouldAnswerWithTrue" classname="com.Demo.app.AppTest" time="0.001"/>
</testsuite>